  [1m[35m (42.5ms)[0m  [1m[34mSELECT sqlite_version(*)[0m
  [1m[35m (115.1ms)[0m  [1m[35mCREATE TABLE "schema_migrations" ("version" varchar NOT NULL PRIMARY KEY)[0m
  [1m[35m (67.9ms)[0m  [1m[35mCREATE TABLE "ar_internal_metadata" ("key" varchar NOT NULL PRIMARY KEY, "value" varchar, "created_at" datetime(6) NOT NULL, "updated_at" datetime(6) NOT NULL)[0m
  [1m[36mActiveRecord::SchemaMigration Pluck (0.8ms)[0m  [1m[34mSELECT "schema_migrations"."version" FROM "schema_migrations" ORDER BY "schema_migrations"."version" ASC[0m
Migrating to CreateArticles (20220306154805)
  [1m[36mTRANSACTION (0.2ms)[0m  [1m[36mbegin transaction[0m
  [1m[35m (3.7ms)[0m  [1m[35mCREATE TABLE "articles" ("id" integer PRIMARY KEY AUTOINCREMENT NOT NULL, "title" varchar, "description" text)[0m
  [1m[36mActiveRecord::SchemaMigration Create (1.0ms)[0m  [1m[32mINSERT INTO "schema_migrations" ("version") VALUES (?)[0m  [["version", "20220306154805"]]
  [1m[36mTRANSACTION (79.0ms)[0m  [1m[36mcommit transaction[0m
Migrating to AddTimestampsToArticles (20220306154919)
  [1m[36mTRANSACTION (0.9ms)[0m  [1m[36mbegin transaction[0m
  [1m[35m (66.2ms)[0m  [1m[35mALTER TABLE "articles" ADD "created_at" datetime(6)[0m
  [1m[35m (14.8ms)[0m  [1m[35mALTER TABLE "articles" ADD "updated_at" datetime(6)[0m
  [1m[36mActiveRecord::SchemaMigration Create (0.8ms)[0m  [1m[32mINSERT INTO "schema_migrations" ("version") VALUES (?)[0m  [["version", "20220306154919"]]
  [1m[36mTRANSACTION (115.2ms)[0m  [1m[36mcommit transaction[0m
  [1m[36mActiveRecord::InternalMetadata Load (0.8ms)[0m  [1m[34mSELECT "ar_internal_metadata".* FROM "ar_internal_metadata" WHERE "ar_internal_metadata"."key" = ? LIMIT ?[0m  [["key", "environment"], ["LIMIT", 1]]
  [1m[36mTRANSACTION (0.2ms)[0m  [1m[36mbegin transaction[0m
  [1m[36mActiveRecord::InternalMetadata Create (2.9ms)[0m  [1m[32mINSERT INTO "ar_internal_metadata" ("key", "value", "created_at", "updated_at") VALUES (?, ?, ?, ?)[0m  [["key", "environment"], ["value", "development"], ["created_at", "2022-03-06 15:51:03.034591"], ["updated_at", "2022-03-06 15:51:03.034591"]]
  [1m[36mTRANSACTION (64.6ms)[0m  [1m[36mcommit transaction[0m
  [1m[35m (0.5ms)[0m  [1m[34mSELECT sqlite_version(*)[0m
  [1m[36mActiveRecord::SchemaMigration Pluck (1.0ms)[0m  [1m[34mSELECT "schema_migrations"."version" FROM "schema_migrations" ORDER BY "schema_migrations"."version" ASC[0m
Started GET "/" for 127.0.0.1 at 2022-03-06 17:16:06 +0100
Started GET "/" for 127.0.0.1 at 2022-03-06 17:16:06 +0100
  [1m[35m (99.5ms)[0m  [1m[34mSELECT sqlite_version(*)[0m
  [1m[36mActiveRecord::SchemaMigration Pluck (1.4ms)[0m  [1m[34mSELECT "schema_migrations"."version" FROM "schema_migrations" ORDER BY "schema_migrations"."version" ASC[0m
Processing by Rails::WelcomeController#index as HTML
Processing by Rails::WelcomeController#index as HTML
  Rendering C:/Ruby27-x64/lib/ruby/gems/2.7.0/gems/railties-7.0.2.2/lib/rails/templates/rails/welcome/index.html.erb
  Rendering C:/Ruby27-x64/lib/ruby/gems/2.7.0/gems/railties-7.0.2.2/lib/rails/templates/rails/welcome/index.html.erb
  Rendered C:/Ruby27-x64/lib/ruby/gems/2.7.0/gems/railties-7.0.2.2/lib/rails/templates/rails/welcome/index.html.erb (Duration: 176.0ms | Allocations: 747)
  Rendered C:/Ruby27-x64/lib/ruby/gems/2.7.0/gems/railties-7.0.2.2/lib/rails/templates/rails/welcome/index.html.erb (Duration: 172.4ms | Allocations: 760)
Completed 200 OK in 981ms (Views: 404.2ms | ActiveRecord: 0.0ms | Allocations: 7349)


Completed 200 OK in 1018ms (Views: 403.2ms | ActiveRecord: 0.0ms | Allocations: 7381)


Started GET "/articles" for 127.0.0.1 at 2022-03-06 17:19:48 +0100
Processing by ArticlesController#index as HTML
  Rendering layout layouts/application.html.erb
  Rendering articles/index.html.erb within layouts/application
  [1m[36mArticle Load (0.7ms)[0m  [1m[34mSELECT "articles".* FROM "articles"[0m
  ↳ app/views/articles/index.html.erb:13
  Rendered articles/index.html.erb within layouts/application (Duration: 55.3ms | Allocations: 888)
Started GET "/articles" for 127.0.0.1 at 2022-03-06 17:19:52 +0100
Processing by ArticlesController#index as HTML
  Rendering layout layouts/application.html.erb
  Rendering articles/index.html.erb within layouts/application
  [1m[35m (0.2ms)[0m  [1m[34mSELECT sqlite_version(*)[0m
  ↳ app/views/articles/index.html.erb:13
  [1m[36mArticle Load (0.7ms)[0m  [1m[34mSELECT "articles".* FROM "articles"[0m
  ↳ app/views/articles/index.html.erb:13
  Rendered articles/index.html.erb within layouts/application (Duration: 75.9ms | Allocations: 1467)
  Rendered layout layouts/application.html.erb (Duration: 4307.2ms | Allocations: 138755)
Completed 500 Internal Server Error in 4402ms (ActiveRecord: 0.7ms | Allocations: 140551)


  
ActionView::Template::Error (The asset "application.js" is not present in the asset pipeline.
):
     7:     <%= csp_meta_tag %>
     8: 
     9:     <%= stylesheet_link_tag "application", "data-turbo-track": "reload" %>
    10:     <%= javascript_include_tag "application", "data-turbo-track": "reload", defer: true %>
    11:   </head>
    12: 
    13:   <body>
  
app/views/layouts/application.html.erb:10
  Rendered layout layouts/application.html.erb (Duration: 506.0ms | Allocations: 42454)
Completed 500 Internal Server Error in 533ms (ActiveRecord: 2.0ms | Allocations: 44826)


  
ActionView::Template::Error (The asset "application.js" is not present in the asset pipeline.
):
     7:     <%= csp_meta_tag %>
     8: 
     9:     <%= stylesheet_link_tag "application", "data-turbo-track": "reload" %>
    10:     <%= javascript_include_tag "application", "data-turbo-track": "reload", defer: true %>
    11:   </head>
    12: 
    13:   <body>
  
app/views/layouts/application.html.erb:10
Started GET "/articles" for 127.0.0.1 at 2022-03-06 17:22:46 +0100
Processing by ArticlesController#index as HTML
  Rendering layout layouts/application.html.erb
  Rendering articles/index.html.erb within layouts/application
  [1m[36mArticle Load (0.5ms)[0m  [1m[34mSELECT "articles".* FROM "articles"[0m
  ↳ app/views/articles/index.html.erb:13
  Rendered articles/index.html.erb within layouts/application (Duration: 15.0ms | Allocations: 533)
  Rendered layout layouts/application.html.erb (Duration: 61.8ms | Allocations: 6962)
Completed 500 Internal Server Error in 67ms (ActiveRecord: 0.5ms | Allocations: 7206)


  
ActionView::Template::Error (The asset "application.js" is not present in the asset pipeline.
):
     7:     <%= csp_meta_tag %>
     8: 
     9:     <%= stylesheet_link_tag "application", "data-turbo-track": "reload" %>
    10:     <%= javascript_include_tag "application", "data-turbo-track": "reload", defer: true %>
    11:   </head>
    12: 
    13:   <body>
  
app/views/layouts/application.html.erb:10
Started GET "/articles" for 127.0.0.1 at 2022-03-06 17:25:40 +0100
Processing by ArticlesController#index as HTML
  Rendering layout layouts/application.html.erb
  Rendering articles/index.html.erb within layouts/application
  [1m[36mArticle Load (0.9ms)[0m  [1m[34mSELECT "articles".* FROM "articles"[0m
  ↳ app/views/articles/index.html.erb:13
  Rendered articles/index.html.erb within layouts/application (Duration: 8.0ms | Allocations: 540)
  Rendered layout layouts/application.html.erb (Duration: 56.6ms | Allocations: 6971)
Completed 500 Internal Server Error in 62ms (ActiveRecord: 0.9ms | Allocations: 7224)


  
ActionView::Template::Error (The asset "application.js" is not present in the asset pipeline.
):
     7:     <%= csp_meta_tag %>
     8: 
     9:     <%= stylesheet_link_tag "application", "data-turbo-track": "reload" %>
    10:     <%= javascript_include_tag "application", "data-turbo-track": "reload", defer: true %>
    11:   </head>
    12: 
    13:   <body>
  
app/views/layouts/application.html.erb:10
Started GET "/articles" for 127.0.0.1 at 2022-03-06 17:26:59 +0100
Processing by ArticlesController#index as HTML
  Rendering layout layouts/application.html.erb
  Rendering articles/index.html.erb within layouts/application
  [1m[36mArticle Load (0.7ms)[0m  [1m[34mSELECT "articles".* FROM "articles"[0m
  ↳ app/views/articles/index.html.erb:13
  Rendered articles/index.html.erb within layouts/application (Duration: 7.0ms | Allocations: 533)
  Rendered layout layouts/application.html.erb (Duration: 58.1ms | Allocations: 6962)
Completed 500 Internal Server Error in 63ms (ActiveRecord: 0.7ms | Allocations: 7206)


  
ActionView::Template::Error (The asset "application.js" is not present in the asset pipeline.
):
     7:     <%= csp_meta_tag %>
     8: 
     9:     <%= stylesheet_link_tag "application", "data-turbo-track": "reload" %>
    10:     <%= javascript_include_tag "application", "data-turbo-track": "reload", defer: true %>
    11:   </head>
    12: 
    13:   <body>
  
app/views/layouts/application.html.erb:10
Started GET "/articles" for 127.0.0.1 at 2022-03-06 17:27:38 +0100
Processing by ArticlesController#index as HTML
  Rendering layout layouts/application.html.erb
  Rendering articles/index.html.erb within layouts/application
  [1m[36mArticle Load (0.5ms)[0m  [1m[34mSELECT "articles".* FROM "articles"[0m
  ↳ app/views/articles/index.html.erb:13
  Rendered articles/index.html.erb within layouts/application (Duration: 10.8ms | Allocations: 822)
  Rendered layout layouts/application.html.erb (Duration: 174.0ms | Allocations: 7760)
Completed 500 Internal Server Error in 209ms (ActiveRecord: 0.5ms | Allocations: 8655)


  
ActionView::Template::Error (Missing partial layouts/_messages with {:locale=>[:en], :formats=>[:html], :variants=>[], :handlers=>[:raw, :erb, :html, :builder, :ruby, :jbuilder]}.

Searched in:
  * "D:/Users/Bojan/Desktop/Rails/app/app/views"
  * "C:/Ruby27-x64/lib/ruby/gems/2.7.0/gems/actiontext-7.0.2.2/app/views"
  * "C:/Ruby27-x64/lib/ruby/gems/2.7.0/gems/actionmailbox-7.0.2.2/app/views"

Did you mean?  layouts/messageshtml
               layouts/action_text/contents/content
               articles/form
               action_text/attachables/missing_attachable
               action_text/attachables/remote_image
               active_storage/blobs/blob):
    11:   </head>
    12: 
    13:   <body>
    14:     <%= render 'layouts/messages' %>
    15:     <%= yield %>
    16:   </body>
    17: </html>
  
app/views/layouts/application.html.erb:14
Started GET "/articles" for 127.0.0.1 at 2022-03-06 17:31:12 +0100
Processing by ArticlesController#index as HTML
  Rendering layout layouts/application.html.erb
  Rendering articles/index.html.erb within layouts/application
  [1m[36mArticle Load (0.5ms)[0m  [1m[34mSELECT "articles".* FROM "articles"[0m
  ↳ app/views/articles/index.html.erb:13
  Rendered articles/index.html.erb within layouts/application (Duration: 16.7ms | Allocations: 822)
  Rendered layout layouts/application.html.erb (Duration: 86.4ms | Allocations: 7489)
Completed 500 Internal Server Error in 114ms (ActiveRecord: 0.5ms | Allocations: 8376)


  
ActionView::Template::Error (The asset "application.js" is not present in the asset pipeline.
):
     7:     <%= csp_meta_tag %>
     8: 
     9:     <%= stylesheet_link_tag "application", "data-turbo-track": "reload" %>
    10:     <%= javascript_include_tag "application", "data-turbo-track": "reload", defer: true %>
    11:   </head>
    12: 
    13:   <body>
  
app/views/layouts/application.html.erb:10
